#! /opt/homebrew/Cellar/icarus-verilog/11.0/bin/vvp
:ivl_version "11.0 (stable)";
:ivl_delay_selection "TYPICAL";
:vpi_time_precision - 11;
:vpi_module "/opt/homebrew/Cellar/icarus-verilog/11.0/lib/ivl/system.vpi";
:vpi_module "/opt/homebrew/Cellar/icarus-verilog/11.0/lib/ivl/vhdl_sys.vpi";
:vpi_module "/opt/homebrew/Cellar/icarus-verilog/11.0/lib/ivl/vhdl_textio.vpi";
:vpi_module "/opt/homebrew/Cellar/icarus-verilog/11.0/lib/ivl/v2005_math.vpi";
:vpi_module "/opt/homebrew/Cellar/icarus-verilog/11.0/lib/ivl/va_math.vpi";
S_0x129e07650 .scope module, "tb" "tb" 2 4;
 .timescale -8 -11;
P_0x600003317b00 .param/l "freq" 0 2 46, +C4<00000000001001100010010110100000>;
v0x6000014113b0_0 .var "addnum", 31 0;
v0x600001411440_0 .var/i "addr", 31 0;
v0x6000014114d0_0 .var "addreg", 31 0;
v0x600001411560_0 .var "andnum", 31 0;
v0x6000014115f0_0 .var "andreg", 31 0;
v0x600001411680_0 .var "clock", 0 0;
v0x600001411710_0 .var/i "data", 31 0;
v0x6000014117a0_0 .net "dout", 31 0, v0x600001410510_0;  1 drivers
v0x600001411830_0 .var "ldr", 31 0;
v0x6000014118c0_0 .var "movnum", 31 0;
v0x600001411950_0 .var "movreg", 31 0;
v0x6000014119e0_0 .var/i "opcode", 31 0;
v0x600001411a70_0 .var/i "oprand1", 31 0;
v0x600001411b00_0 .var/i "oprand2", 31 0;
v0x600001411b90_0 .var/i "oprand3", 31 0;
v0x600001411c20_0 .var "ornum", 31 0;
v0x600001411cb0_0 .var "orreg", 31 0;
v0x600001411d40_0 .var "pop", 31 0;
v0x600001411dd0_0 .var "push", 31 0;
v0x600001411e60_0 .var "rdl", 0 0;
v0x600001411ef0_0 .var "strnum", 31 0;
v0x600001411f80_0 .var "strreg", 31 0;
v0x600001412010_0 .var "subnum", 31 0;
v0x6000014120a0_0 .var "subreg", 31 0;
v0x600001412130_0 .var "svc", 31 0;
v0x6000014121c0_0 .var "wl", 0 0;
S_0x129e04700 .scope module, "ARM7" "core" 2 34, 3 1 0, S_0x129e07650;
 .timescale 0 0;
    .port_info 0 /INPUT 32 "opcode";
    .port_info 1 /INPUT 32 "oprand1";
    .port_info 2 /INPUT 32 "oprand2";
    .port_info 3 /INPUT 32 "oprand3";
    .port_info 4 /INPUT 32 "addr";
    .port_info 5 /INPUT 32 "data";
    .port_info 6 /INPUT 1 "clk";
    .port_info 7 /INPUT 1 "wl";
    .port_info 8 /INPUT 1 "rdl";
    .port_info 9 /OUTPUT 32 "dout";
P_0x600003317b80 .param/l "freq" 0 3 21, +C4<00000000001001100010010110100000>;
v0x600001410120_0 .var "addnum", 31 0;
v0x6000014101b0_0 .net "addr", 31 0, v0x600001411440_0;  1 drivers
v0x600001410240_0 .var "addreg", 31 0;
v0x6000014102d0_0 .var "andnum", 31 0;
v0x600001410360_0 .var "andreg", 31 0;
v0x6000014103f0_0 .net "clk", 0 0, v0x600001411680_0;  1 drivers
v0x600001410480_0 .net "data", 31 0, v0x600001411710_0;  1 drivers
v0x600001410510_0 .var "dout", 31 0;
v0x6000014105a0_0 .var "freqc", 0 0;
v0x600001410630_0 .var "ip", 31 0;
v0x6000014106c0_0 .var "ldr", 31 0;
v0x600001410750_0 .var "lr", 31 0;
v0x6000014107e0_0 .var "movnum", 31 0;
v0x600001410870_0 .var "movreg", 31 0;
v0x600001410900_0 .net "opcode", 31 0, v0x6000014119e0_0;  1 drivers
v0x600001410990_0 .net "oprand1", 31 0, v0x600001411a70_0;  1 drivers
v0x600001410a20_0 .net "oprand2", 31 0, v0x600001411b00_0;  1 drivers
v0x600001410ab0_0 .net "oprand3", 31 0, v0x600001411b90_0;  1 drivers
v0x600001410b40_0 .var "ornum", 31 0;
v0x600001410bd0_0 .var "orreg", 31 0;
v0x600001410c60_0 .var "pop", 31 0;
v0x600001410cf0_0 .var "push", 31 0;
v0x600001410d80_0 .net "rdl", 0 0, v0x600001411e60_0;  1 drivers
v0x600001410e10 .array "registers", 0 31, 12 0;
v0x600001410ea0_0 .var "sp", 31 0;
v0x600001410f30 .array "sram", 0 31, 0 16000000;
v0x600001410fc0_0 .var "strnum", 31 0;
v0x600001411050_0 .var "strreg", 31 0;
v0x6000014110e0_0 .var "subnum", 31 0;
v0x600001411170_0 .var "subreg", 31 0;
v0x600001411200_0 .var "svc", 31 0;
v0x600001411290_0 .net "wl", 0 0, v0x6000014121c0_0;  1 drivers
v0x600001411320_0 .var "wraddr", 31 0;
E_0x600002819230 .event posedge, v0x6000014103f0_0;
    .scope S_0x129e04700;
T_0 ;
    %pushi/vec4 0, 0, 32;
    %store/vec4 v0x600001410ea0_0, 0, 32;
    %pushi/vec4 0, 0, 32;
    %store/vec4 v0x600001410630_0, 0, 32;
    %pushi/vec4 0, 0, 32;
    %store/vec4 v0x600001410750_0, 0, 32;
    %pushi/vec4 3610, 0, 32;
    %store/vec4 v0x600001410870_0, 0, 32;
    %pushi/vec4 3642, 0, 32;
    %store/vec4 v0x6000014107e0_0, 0, 32;
    %pushi/vec4 3824, 0, 32;
    %store/vec4 v0x600001411200_0, 0, 32;
    %pushi/vec4 3673, 0, 32;
    %store/vec4 v0x6000014106c0_0, 0, 32;
    %pushi/vec4 3620, 0, 32;
    %store/vec4 v0x6000014110e0_0, 0, 32;
    %pushi/vec4 3588, 0, 32;
    %store/vec4 v0x600001411170_0, 0, 32;
    %pushi/vec4 3666, 0, 32;
    %store/vec4 v0x600001410cf0_0, 0, 32;
    %pushi/vec4 3624, 0, 32;
    %store/vec4 v0x600001410120_0, 0, 32;
    %pushi/vec4 3592, 0, 32;
    %store/vec4 v0x600001410240_0, 0, 32;
    %pushi/vec4 3657, 0, 32;
    %store/vec4 v0x600001410c60_0, 0, 32;
    %pushi/vec4 3584, 0, 32;
    %store/vec4 v0x600001410360_0, 0, 32;
    %pushi/vec4 3616, 0, 32;
    %store/vec4 v0x6000014102d0_0, 0, 32;
    %pushi/vec4 3608, 0, 32;
    %store/vec4 v0x600001410bd0_0, 0, 32;
    %pushi/vec4 3640, 0, 32;
    %store/vec4 v0x600001410b40_0, 0, 32;
    %pushi/vec4 3704, 0, 32;
    %store/vec4 v0x600001411050_0, 0, 32;
    %pushi/vec4 3672, 0, 32;
    %store/vec4 v0x600001410fc0_0, 0, 32;
    %pushi/vec4 0, 0, 32;
    %store/vec4 v0x600001411320_0, 0, 32;
    %end;
    .thread T_0;
    .scope S_0x129e04700;
T_1 ;
    %wait E_0x600002819230;
    %load/vec4 v0x6000014105a0_0;
    %pad/u 32;
    %cmpi/ne 2499999, 0, 32;
    %jmp/0xz  T_1.0, 4;
    %load/vec4 v0x600001411290_0;
    %pushi/vec4 1, 0, 1;
    %cmp/e;
    %flag_get/vec4 4;
    %load/vec4 v0x600001410d80_0;
    %pushi/vec4 0, 0, 1;
    %cmp/e;
    %flag_get/vec4 4;
    %and;
    %flag_set/vec4 8;
    %jmp/0xz  T_1.2, 8;
    %load/vec4 v0x600001410480_0;
    %pad/u 16000001;
    %ix/getv 3, v0x6000014101b0_0;
    %ix/load 4, 0, 0; Constant delay
    %assign/vec4/a/d v0x600001410f30, 0, 4;
T_1.2 ;
    %load/vec4 v0x600001411290_0;
    %pushi/vec4 0, 0, 1;
    %cmp/e;
    %flag_get/vec4 4;
    %load/vec4 v0x600001410d80_0;
    %pushi/vec4 1, 0, 1;
    %cmp/e;
    %flag_get/vec4 4;
    %and;
    %flag_set/vec4 8;
    %jmp/0xz  T_1.4, 8;
    %ix/getv 4, v0x6000014101b0_0;
    %load/vec4a v0x600001410f30, 4;
    %pad/u 32;
    %assign/vec4 v0x600001410510_0, 0;
T_1.4 ;
    %load/vec4 v0x600001411290_0;
    %pushi/vec4 0, 0, 1;
    %cmp/e;
    %flag_get/vec4 4;
    %load/vec4 v0x600001410d80_0;
    %pushi/vec4 0, 0, 1;
    %cmp/e;
    %flag_get/vec4 4;
    %and;
    %flag_set/vec4 8;
    %jmp/0xz  T_1.6, 8;
    %load/vec4 v0x600001410900_0;
    %load/vec4 v0x6000014107e0_0;
    %cmp/e;
    %jmp/0xz  T_1.8, 4;
    %load/vec4 v0x600001410a20_0;
    %pad/u 13;
    %ix/getv 3, v0x600001410990_0;
    %ix/load 4, 0, 0; Constant delay
    %assign/vec4/a/d v0x600001410e10, 0, 4;
T_1.8 ;
    %load/vec4 v0x600001410900_0;
    %load/vec4 v0x600001410870_0;
    %cmp/e;
    %jmp/0xz  T_1.10, 4;
    %ix/getv 4, v0x600001410a20_0;
    %load/vec4a v0x600001410e10, 4;
    %ix/getv 3, v0x600001410990_0;
    %ix/load 4, 0, 0; Constant delay
    %assign/vec4/a/d v0x600001410e10, 0, 4;
T_1.10 ;
    %load/vec4 v0x600001410900_0;
    %load/vec4 v0x6000014110e0_0;
    %cmp/e;
    %jmp/0xz  T_1.12, 4;
    %ix/getv 4, v0x600001410990_0;
    %load/vec4a v0x600001410e10, 4;
    %pad/u 32;
    %load/vec4 v0x600001410a20_0;
    %sub;
    %pad/u 13;
    %ix/getv 3, v0x600001410990_0;
    %ix/load 4, 0, 0; Constant delay
    %assign/vec4/a/d v0x600001410e10, 0, 4;
T_1.12 ;
    %load/vec4 v0x600001410900_0;
    %load/vec4 v0x600001411170_0;
    %cmp/e;
    %jmp/0xz  T_1.14, 4;
    %ix/getv 4, v0x600001410990_0;
    %load/vec4a v0x600001410e10, 4;
    %ix/getv 4, v0x600001410a20_0;
    %load/vec4a v0x600001410e10, 4;
    %sub;
    %ix/getv 3, v0x600001410990_0;
    %ix/load 4, 0, 0; Constant delay
    %assign/vec4/a/d v0x600001410e10, 0, 4;
T_1.14 ;
    %load/vec4 v0x600001410900_0;
    %load/vec4 v0x600001410120_0;
    %cmp/e;
    %jmp/0xz  T_1.16, 4;
    ; show_stmt_assign_vector: Get l-value for compressed += operand
    %ix/getv 4, v0x600001410990_0;
    %flag_mov 8, 4;
    %load/vec4a v0x600001410e10, 4;
    %load/vec4 v0x600001410a20_0;
    %pad/u 13;
    %add;
    %flag_mov 4, 8;
    %store/vec4a v0x600001410e10, 4, 0;
T_1.16 ;
    %load/vec4 v0x600001410900_0;
    %load/vec4 v0x600001410240_0;
    %cmp/e;
    %jmp/0xz  T_1.18, 4;
    ; show_stmt_assign_vector: Get l-value for compressed += operand
    %ix/getv 4, v0x600001410990_0;
    %flag_mov 8, 4;
    %load/vec4a v0x600001410e10, 4;
    %ix/getv 5, v0x600001410a20_0;
    %load/vec4a v0x600001410e10, 5;
    %add;
    %flag_mov 4, 8;
    %store/vec4a v0x600001410e10, 4, 0;
T_1.18 ;
    %load/vec4 v0x600001410900_0;
    %load/vec4 v0x6000014102d0_0;
    %cmp/e;
    %jmp/0xz  T_1.20, 4;
    %ix/getv 4, v0x600001410990_0;
    %load/vec4a v0x600001410e10, 4;
    %pad/u 32;
    %load/vec4 v0x600001410a20_0;
    %and;
    %pad/u 13;
    %ix/getv 3, v0x600001410990_0;
    %ix/load 4, 0, 0; Constant delay
    %assign/vec4/a/d v0x600001410e10, 0, 4;
T_1.20 ;
    %load/vec4 v0x600001410900_0;
    %load/vec4 v0x600001410360_0;
    %cmp/e;
    %jmp/0xz  T_1.22, 4;
    %ix/getv 4, v0x600001410990_0;
    %load/vec4a v0x600001410e10, 4;
    %ix/getv 4, v0x600001410a20_0;
    %load/vec4a v0x600001410e10, 4;
    %and;
    %ix/getv 3, v0x600001410990_0;
    %ix/load 4, 0, 0; Constant delay
    %assign/vec4/a/d v0x600001410e10, 0, 4;
T_1.22 ;
    %load/vec4 v0x600001410900_0;
    %load/vec4 v0x600001410b40_0;
    %cmp/e;
    %jmp/0xz  T_1.24, 4;
    %ix/getv 4, v0x600001410990_0;
    %load/vec4a v0x600001410e10, 4;
    %pad/u 32;
    %load/vec4 v0x600001410a20_0;
    %or;
    %pad/u 13;
    %ix/getv 3, v0x600001410990_0;
    %ix/load 4, 0, 0; Constant delay
    %assign/vec4/a/d v0x600001410e10, 0, 4;
T_1.24 ;
    %load/vec4 v0x600001410900_0;
    %load/vec4 v0x600001410bd0_0;
    %cmp/e;
    %jmp/0xz  T_1.26, 4;
    %ix/getv 4, v0x600001410990_0;
    %load/vec4a v0x600001410e10, 4;
    %ix/getv 4, v0x600001410a20_0;
    %load/vec4a v0x600001410e10, 4;
    %or;
    %ix/getv 3, v0x600001410990_0;
    %ix/load 4, 0, 0; Constant delay
    %assign/vec4/a/d v0x600001410e10, 0, 4;
T_1.26 ;
    %load/vec4 v0x600001410900_0;
    %load/vec4 v0x600001410cf0_0;
    %cmp/e;
    %jmp/0xz  T_1.28, 4;
    %load/vec4 v0x600001410ea0_0;
    %subi 4, 0, 32;
    %assign/vec4 v0x600001410ea0_0, 0;
    %ix/getv 4, v0x600001410990_0;
    %load/vec4a v0x600001410e10, 4;
    %pad/u 16000001;
    %ix/load 3, 0, 0;
    %flag_set/imm 4, 0;
    %ix/load 4, 0, 0; Constant delay
    %assign/vec4/a/d v0x600001410f30, 0, 4;
T_1.28 ;
    %load/vec4 v0x600001410900_0;
    %load/vec4 v0x600001410c60_0;
    %cmp/e;
    %jmp/0xz  T_1.30, 4;
    %load/vec4 v0x600001410ea0_0;
    %addi 4, 0, 32;
    %assign/vec4 v0x600001410ea0_0, 0;
    %ix/load 4, 1, 0;
    %flag_set/imm 4, 0;
    %load/vec4a v0x600001410f30, 4;
    %ix/load 3, 0, 0;
    %flag_set/imm 4, 0;
    %ix/load 4, 0, 0; Constant delay
    %assign/vec4/a/d v0x600001410f30, 0, 4;
T_1.30 ;
    %load/vec4 v0x600001410900_0;
    %load/vec4 v0x6000014106c0_0;
    %cmp/e;
    %jmp/0xz  T_1.32, 4;
    %ix/getv 4, v0x600001410a20_0;
    %load/vec4a v0x600001410e10, 4;
    %pad/u 32;
    %ix/getv 4, v0x600001410ab0_0;
    %load/vec4a v0x600001410e10, 4;
    %pad/u 32;
    %add;
    %assign/vec4 v0x600001411320_0, 0;
    %ix/getv 4, v0x600001411320_0;
    %load/vec4a v0x600001410f30, 4;
    %pad/u 13;
    %ix/getv 3, v0x600001410990_0;
    %ix/load 4, 0, 0; Constant delay
    %assign/vec4/a/d v0x600001410e10, 0, 4;
T_1.32 ;
    %load/vec4 v0x600001410900_0;
    %load/vec4 v0x600001411050_0;
    %cmp/e;
    %jmp/0xz  T_1.34, 4;
    %load/vec4 v0x600001410a20_0;
    %cmpi/u 8000000, 0, 32;
    %jmp/0xz  T_1.36, 5;
    %ix/getv 4, v0x600001410a20_0;
    %load/vec4a v0x600001410e10, 4;
    %pad/u 32;
    %ix/getv 4, v0x600001410ab0_0;
    %load/vec4a v0x600001410e10, 4;
    %pad/u 32;
    %add;
    %assign/vec4 v0x600001411320_0, 0;
    %ix/getv 4, v0x600001410990_0;
    %load/vec4a v0x600001410e10, 4;
    %pad/u 16000001;
    %ix/getv 3, v0x600001411320_0;
    %ix/load 4, 0, 0; Constant delay
    %assign/vec4/a/d v0x600001410f30, 0, 4;
    %jmp T_1.37;
T_1.36 ;
    %vpi_call 3 105 "$finish" {0 0 0};
T_1.37 ;
T_1.34 ;
    %load/vec4 v0x600001410900_0;
    %load/vec4 v0x600001410fc0_0;
    %cmp/e;
    %jmp/0xz  T_1.38, 4;
    %load/vec4 v0x600001410a20_0;
    %cmpi/u 8000000, 0, 32;
    %jmp/0xz  T_1.40, 5;
    %ix/getv 4, v0x600001410a20_0;
    %load/vec4a v0x600001410e10, 4;
    %pad/u 32;
    %load/vec4 v0x600001410ab0_0;
    %add;
    %assign/vec4 v0x600001411320_0, 0;
    %ix/getv 4, v0x600001410990_0;
    %load/vec4a v0x600001410e10, 4;
    %pad/u 16000001;
    %ix/getv 3, v0x600001411320_0;
    %ix/load 4, 0, 0; Constant delay
    %assign/vec4/a/d v0x600001410f30, 0, 4;
    %jmp T_1.41;
T_1.40 ;
    %vpi_call 3 113 "$finish" {0 0 0};
T_1.41 ;
T_1.38 ;
T_1.6 ;
    %vpi_call 3 116 "$display", "dout: %d  | 0:%d 1:%d 2:%d 3:%d 4:%d 5:%d 6:%d 7:%d 8:%d 9:%d 10:%d 11:%d 12:%d ip:%d", v0x600001410510_0, &A<v0x600001410e10, 0>, &A<v0x600001410e10, 1>, &A<v0x600001410e10, 2>, &A<v0x600001410e10, 3>, &A<v0x600001410e10, 4>, &A<v0x600001410e10, 5>, &A<v0x600001410e10, 6>, &A<v0x600001410e10, 7>, &A<v0x600001410e10, 8>, &A<v0x600001410e10, 9>, &A<v0x600001410e10, 10>, &A<v0x600001410e10, 11>, &A<v0x600001410e10, 12>, v0x600001410630_0 {0 0 0};
    %load/vec4 v0x600001410630_0;
    %addi 1, 0, 32;
    %assign/vec4 v0x600001410630_0, 0;
    %load/vec4 v0x6000014105a0_0;
    %pad/u 2;
    %addi 1, 0, 2;
    %pad/u 1;
    %assign/vec4 v0x6000014105a0_0, 0;
    %jmp T_1.1;
T_1.0 ;
    %pushi/vec4 0, 0, 1;
    %assign/vec4 v0x6000014105a0_0, 0;
T_1.1 ;
    %jmp T_1;
    .thread T_1;
    .scope S_0x129e07650;
T_2 ;
    %pushi/vec4 0, 0, 1;
    %store/vec4 v0x600001411680_0, 0, 1;
    %pushi/vec4 0, 0, 1;
    %store/vec4 v0x6000014121c0_0, 0, 1;
    %pushi/vec4 0, 0, 1;
    %store/vec4 v0x600001411e60_0, 0, 1;
    %pushi/vec4 3610, 0, 32;
    %store/vec4 v0x600001411950_0, 0, 32;
    %pushi/vec4 3642, 0, 32;
    %store/vec4 v0x6000014118c0_0, 0, 32;
    %pushi/vec4 3824, 0, 32;
    %store/vec4 v0x600001412130_0, 0, 32;
    %pushi/vec4 3673, 0, 32;
    %store/vec4 v0x600001411830_0, 0, 32;
    %pushi/vec4 3620, 0, 32;
    %store/vec4 v0x600001412010_0, 0, 32;
    %pushi/vec4 3588, 0, 32;
    %store/vec4 v0x6000014120a0_0, 0, 32;
    %pushi/vec4 3666, 0, 32;
    %store/vec4 v0x600001411dd0_0, 0, 32;
    %pushi/vec4 3624, 0, 32;
    %store/vec4 v0x6000014113b0_0, 0, 32;
    %pushi/vec4 3592, 0, 32;
    %store/vec4 v0x6000014114d0_0, 0, 32;
    %pushi/vec4 3657, 0, 32;
    %store/vec4 v0x600001411d40_0, 0, 32;
    %pushi/vec4 3584, 0, 32;
    %store/vec4 v0x6000014115f0_0, 0, 32;
    %pushi/vec4 3616, 0, 32;
    %store/vec4 v0x600001411560_0, 0, 32;
    %pushi/vec4 3608, 0, 32;
    %store/vec4 v0x600001411cb0_0, 0, 32;
    %pushi/vec4 3640, 0, 32;
    %store/vec4 v0x600001411c20_0, 0, 32;
    %pushi/vec4 3704, 0, 32;
    %store/vec4 v0x600001411f80_0, 0, 32;
    %pushi/vec4 3672, 0, 32;
    %store/vec4 v0x600001411ef0_0, 0, 32;
    %end;
    .thread T_2;
    .scope S_0x129e07650;
T_3 ;
    %delay 1250000000, 0;
    %load/vec4 v0x600001411680_0;
    %nor/r;
    %assign/vec4 v0x600001411680_0, 0;
    %jmp T_3;
    .thread T_3;
    .scope S_0x129e07650;
T_4 ;
    %load/vec4 v0x6000014118c0_0;
    %store/vec4 v0x6000014119e0_0, 0, 32;
    %pushi/vec4 1, 0, 32;
    %store/vec4 v0x600001411a70_0, 0, 32;
    %pushi/vec4 5, 0, 32;
    %store/vec4 v0x600001411b00_0, 0, 32;
    %wait E_0x600002819230;
    %wait E_0x600002819230;
    %load/vec4 v0x600001411f80_0;
    %store/vec4 v0x6000014119e0_0, 0, 32;
    %pushi/vec4 1, 0, 32;
    %store/vec4 v0x600001411a70_0, 0, 32;
    %pushi/vec4 1, 0, 32;
    %store/vec4 v0x600001411b00_0, 0, 32;
    %pushi/vec4 1, 0, 32;
    %store/vec4 v0x600001411b90_0, 0, 32;
    %wait E_0x600002819230;
    %wait E_0x600002819230;
    %load/vec4 v0x600001411830_0;
    %store/vec4 v0x6000014119e0_0, 0, 32;
    %pushi/vec4 0, 0, 32;
    %store/vec4 v0x600001411a70_0, 0, 32;
    %pushi/vec4 1, 0, 32;
    %store/vec4 v0x600001411b00_0, 0, 32;
    %pushi/vec4 1, 0, 32;
    %store/vec4 v0x600001411b90_0, 0, 32;
    %wait E_0x600002819230;
    %wait E_0x600002819230;
    %pushi/vec4 0, 0, 1;
    %store/vec4 v0x6000014121c0_0, 0, 1;
    %pushi/vec4 1, 0, 1;
    %store/vec4 v0x600001411e60_0, 0, 1;
    %load/vec4 v0x600001411a70_0;
    %muli 2, 0, 32;
    %store/vec4 v0x600001411440_0, 0, 32;
    %wait E_0x600002819230;
    %wait E_0x600002819230;
    %pushi/vec4 0, 0, 1;
    %store/vec4 v0x6000014121c0_0, 0, 1;
    %pushi/vec4 0, 0, 1;
    %store/vec4 v0x600001411e60_0, 0, 1;
    %end;
    .thread T_4;
# The file index is used to find the file name in the following table.
:file_names 4;
    "N/A";
    "<interactive>";
    "test.v";
    "./cpu.v";
